<?xml version="1.0" encoding="UTF-8"?>
<testsuite xmlns:xsi="http://www.w3.org/2001/XMLSchema-instance" xsi:noNamespaceSchemaLocation="https://maven.apache.org/surefire/maven-surefire-plugin/xsd/surefire-test-report-3.0.xsd" version="3.0" name="com.github.raftimpl.raft.storage.SnapshotTest" time="0.0" tests="1" errors="1" skipped="0" failures="0">
  <properties>
    <property name="sun.desktop" value="windows"/>
    <property name="awt.toolkit" value="sun.awt.windows.WToolkit"/>
    <property name="file.encoding.pkg" value="sun.io"/>
    <property name="java.specification.version" value="1.8"/>
    <property name="sun.cpu.isalist" value="amd64"/>
    <property name="sun.jnu.encoding" value="GBK"/>
    <property name="java.class.path" value="C:\Users\12981\desktop\raft\raft-java-core\target\test-classes;C:\Users\12981\desktop\raft\raft-java-core\target\classes;C:\Users\12981\.m2\repository\com\baidu\brpc-java\2.5.9\brpc-java-2.5.9.jar;C:\Users\12981\.m2\repository\io\netty\netty-all\4.1.42.Final\netty-all-4.1.42.Final.jar;C:\Users\12981\.m2\repository\com\google\protobuf\protobuf-java\2.5.0\protobuf-java-2.5.0.jar;C:\Users\12981\.m2\repository\com\googlecode\protobuf-java-format\protobuf-java-format\1.4\protobuf-java-format-1.4.jar;C:\Users\12981\.m2\repository\com\baidu\jprotobuf\1.11.11\jprotobuf-1.11.11.jar;C:\Users\12981\.m2\repository\com\squareup\protoparser\3.1.5\protoparser-3.1.5.jar;C:\Users\12981\.m2\repository\org\javassist\javassist\3.22.0-CR1\javassist-3.22.0-CR1.jar;C:\Users\12981\.m2\repository\org\slf4j\slf4j-api\1.7.25\slf4j-api-1.7.25.jar;C:\Users\12981\.m2\repository\cglib\cglib\3.2.5\cglib-3.2.5.jar;C:\Users\12981\.m2\repository\org\ow2\asm\asm\5.2\asm-5.2.jar;C:\Users\12981\.m2\repository\org\apache\ant\ant\1.9.6\ant-1.9.6.jar;C:\Users\12981\.m2\repository\org\apache\ant\ant-launcher\1.9.6\ant-launcher-1.9.6.jar;C:\Users\12981\.m2\repository\org\apache\commons\commons-collections4\4.1\commons-collections4-4.1.jar;C:\Users\12981\.m2\repository\org\apache\commons\commons-pool2\2.4.2\commons-pool2-2.4.2.jar;C:\Users\12981\.m2\repository\com\google\code\gson\gson\2.8.5\gson-2.8.5.jar;C:\Users\12981\.m2\repository\org\xerial\snappy\snappy-java\1.1.7.2\snappy-java-1.1.7.2.jar;C:\Users\12981\.m2\repository\com\dyuproject\protostuff\protostuff-runtime\1.0.7\protostuff-runtime-1.0.7.jar;C:\Users\12981\.m2\repository\com\dyuproject\protostuff\protostuff-api\1.0.7\protostuff-api-1.0.7.jar;C:\Users\12981\.m2\repository\com\dyuproject\protostuff\protostuff-collectionschema\1.0.7\protostuff-collectionschema-1.0.7.jar;C:\Users\12981\.m2\repository\com\dyuproject\protostuff\protostuff-core\1.0.7\protostuff-core-1.0.7.jar;C:\Users\12981\.m2\repository\commons-io\commons-io\2.5\commons-io-2.5.jar;C:\Users\12981\.m2\repository\org\apache\commons\commons-lang3\3.5\commons-lang3-3.5.jar;C:\Users\12981\.m2\repository\org\projectlombok\lombok\1.18.4\lombok-1.18.4.jar;C:\Users\12981\.m2\repository\com\google\guava\guava\21.0\guava-21.0.jar;C:\Users\12981\.m2\repository\junit\junit\4.12\junit-4.12.jar;C:\Users\12981\.m2\repository\org\hamcrest\hamcrest-core\1.3\hamcrest-core-1.3.jar;"/>
    <property name="java.vm.vendor" value="Oracle Corporation"/>
    <property name="sun.arch.data.model" value="64"/>
    <property name="user.variant" value=""/>
    <property name="java.vendor.url" value="http://java.oracle.com/"/>
    <property name="user.timezone" value="America/Los_Angeles"/>
    <property name="java.vm.specification.version" value="1.8"/>
    <property name="os.name" value="Windows 11"/>
    <property name="user.country" value="CN"/>
    <property name="sun.java.launcher" value="SUN_STANDARD"/>
    <property name="sun.boot.library.path" value="C:\Program Files\Java\jdk-1.8\jre\bin"/>
    <property name="sun.java.command" value="C:\Users\12981\AppData\Local\Temp\surefire3508846355283520132\surefirebooter-20240813154444104_3.jar C:\Users\12981\AppData\Local\Temp\surefire3508846355283520132 2024-08-13T15-44-43_857-jvmRun1 surefire-20240813154444104_1tmp surefire_0-20240813154444104_2tmp"/>
    <property name="surefire.test.class.path" value="C:\Users\12981\desktop\raft\raft-java-core\target\test-classes;C:\Users\12981\desktop\raft\raft-java-core\target\classes;C:\Users\12981\.m2\repository\com\baidu\brpc-java\2.5.9\brpc-java-2.5.9.jar;C:\Users\12981\.m2\repository\io\netty\netty-all\4.1.42.Final\netty-all-4.1.42.Final.jar;C:\Users\12981\.m2\repository\com\google\protobuf\protobuf-java\2.5.0\protobuf-java-2.5.0.jar;C:\Users\12981\.m2\repository\com\googlecode\protobuf-java-format\protobuf-java-format\1.4\protobuf-java-format-1.4.jar;C:\Users\12981\.m2\repository\com\baidu\jprotobuf\1.11.11\jprotobuf-1.11.11.jar;C:\Users\12981\.m2\repository\com\squareup\protoparser\3.1.5\protoparser-3.1.5.jar;C:\Users\12981\.m2\repository\org\javassist\javassist\3.22.0-CR1\javassist-3.22.0-CR1.jar;C:\Users\12981\.m2\repository\org\slf4j\slf4j-api\1.7.25\slf4j-api-1.7.25.jar;C:\Users\12981\.m2\repository\cglib\cglib\3.2.5\cglib-3.2.5.jar;C:\Users\12981\.m2\repository\org\ow2\asm\asm\5.2\asm-5.2.jar;C:\Users\12981\.m2\repository\org\apache\ant\ant\1.9.6\ant-1.9.6.jar;C:\Users\12981\.m2\repository\org\apache\ant\ant-launcher\1.9.6\ant-launcher-1.9.6.jar;C:\Users\12981\.m2\repository\org\apache\commons\commons-collections4\4.1\commons-collections4-4.1.jar;C:\Users\12981\.m2\repository\org\apache\commons\commons-pool2\2.4.2\commons-pool2-2.4.2.jar;C:\Users\12981\.m2\repository\com\google\code\gson\gson\2.8.5\gson-2.8.5.jar;C:\Users\12981\.m2\repository\org\xerial\snappy\snappy-java\1.1.7.2\snappy-java-1.1.7.2.jar;C:\Users\12981\.m2\repository\com\dyuproject\protostuff\protostuff-runtime\1.0.7\protostuff-runtime-1.0.7.jar;C:\Users\12981\.m2\repository\com\dyuproject\protostuff\protostuff-api\1.0.7\protostuff-api-1.0.7.jar;C:\Users\12981\.m2\repository\com\dyuproject\protostuff\protostuff-collectionschema\1.0.7\protostuff-collectionschema-1.0.7.jar;C:\Users\12981\.m2\repository\com\dyuproject\protostuff\protostuff-core\1.0.7\protostuff-core-1.0.7.jar;C:\Users\12981\.m2\repository\commons-io\commons-io\2.5\commons-io-2.5.jar;C:\Users\12981\.m2\repository\org\apache\commons\commons-lang3\3.5\commons-lang3-3.5.jar;C:\Users\12981\.m2\repository\org\projectlombok\lombok\1.18.4\lombok-1.18.4.jar;C:\Users\12981\.m2\repository\com\google\guava\guava\21.0\guava-21.0.jar;C:\Users\12981\.m2\repository\junit\junit\4.12\junit-4.12.jar;C:\Users\12981\.m2\repository\org\hamcrest\hamcrest-core\1.3\hamcrest-core-1.3.jar;"/>
    <property name="sun.cpu.endian" value="little"/>
    <property name="user.home" value="C:\Users\12981"/>
    <property name="user.language" value="zh"/>
    <property name="java.specification.vendor" value="Oracle Corporation"/>
    <property name="java.home" value="C:\Program Files\Java\jdk-1.8\jre"/>
    <property name="basedir" value="C:\Users\12981\desktop\raft\raft-java-core"/>
    <property name="file.separator" value="\"/>
    <property name="line.separator" value="&#10;"/>
    <property name="java.vm.specification.vendor" value="Oracle Corporation"/>
    <property name="java.specification.name" value="Java Platform API Specification"/>
    <property name="java.awt.graphicsenv" value="sun.awt.Win32GraphicsEnvironment"/>
    <property name="surefire.real.class.path" value="C:\Users\12981\AppData\Local\Temp\surefire3508846355283520132\surefirebooter-20240813154444104_3.jar"/>
    <property name="sun.boot.class.path" value="C:\Program Files\Java\jdk-1.8\jre\lib\resources.jar;C:\Program Files\Java\jdk-1.8\jre\lib\rt.jar;C:\Program Files\Java\jdk-1.8\jre\lib\jsse.jar;C:\Program Files\Java\jdk-1.8\jre\lib\jce.jar;C:\Program Files\Java\jdk-1.8\jre\lib\charsets.jar;C:\Program Files\Java\jdk-1.8\jre\lib\jfr.jar;C:\Program Files\Java\jdk-1.8\jre\classes"/>
    <property name="user.script" value=""/>
    <property name="sun.management.compiler" value="HotSpot 64-Bit Tiered Compilers"/>
    <property name="java.runtime.version" value="1.8.0_411-b09"/>
    <property name="user.name" value="12981"/>
    <property name="path.separator" value=";"/>
    <property name="os.version" value="10.0"/>
    <property name="java.endorsed.dirs" value="C:\Program Files\Java\jdk-1.8\jre\lib\endorsed"/>
    <property name="java.runtime.name" value="Java(TM) SE Runtime Environment"/>
    <property name="file.encoding" value="GBK"/>
    <property name="java.vm.name" value="Java HotSpot(TM) 64-Bit Server VM"/>
    <property name="localRepository" value="C:\Users\12981\.m2\repository"/>
    <property name="java.vendor.url.bug" value="http://bugreport.sun.com/bugreport/"/>
    <property name="java.io.tmpdir" value="C:\Users\12981\AppData\Local\Temp\"/>
    <property name="java.version" value="1.8.0_411"/>
    <property name="user.dir" value="C:\Users\12981\Desktop\raft\raft-java-core"/>
    <property name="os.arch" value="amd64"/>
    <property name="java.vm.specification.name" value="Java Virtual Machine Specification"/>
    <property name="java.awt.printerjob" value="sun.awt.windows.WPrinterJob"/>
    <property name="sun.os.patch.level" value=""/>
    <property name="java.library.path" value="C:\Program Files\Java\jdk-1.8\jre\bin;C:\windows\Sun\Java\bin;C:\windows\system32;C:\windows;C:\Users\12981\bin;D:\Tool\Git\mingw64\bin;D:\Tool\Git\usr\local\bin;D:\Tool\Git\usr\bin;D:\Tool\Git\usr\bin;D:\Tool\Git\mingw64\bin;D:\Tool\Git\usr\bin;C:\Users\12981\bin;%JAVA_HOME%\bin;C:\windows\system32;C:\windows;C:\windows\System32\Wbem;C:\windows\System32\WindowsPowerShell\v1.0;C:\windows\System32\OpenSSH;C:\Program Files (x86)\NVIDIA Corporation\PhysX\Common;C:\Program Files\NVIDIA Corporation\NVIDIA NvDLISR;C:\Program Files\dotnet;C:\Program Files (x86)\Windows Kits\10\Windows Performance Toolkit;D:\Tool\Git\cmd;D:\Tool\apache-maven-3.9.8\bin;C:\Program Files\Java\jdk-1.8;C:\Program Files\Java\jdk-1.8\bin;%JAVA_HOME%\bin;C:\windows\system32;C:\windows;C:\windows\System32\Wbem;C:\windows\System32\WindowsPowerShell\v1.0;C:\windows\System32\OpenSSH;C:\Program Files (x86)\NVIDIA Corporation\PhysX\Common;C:\Program Files\NVIDIA Corporation\NVIDIA NvDLISR;C:\Program Files\dotnet;C:\Program Files (x86)\Windows Kits\10\Windows Performance Toolkit;D:\Tool\Git\cmd;D:\Tool\apache-maven-3.9.8\bin;C:\Program Files\Java\jdk-1.8;D:\Tool\Git\usr\bin\vendor_perl;D:\Tool\Git\usr\bin\core_perl;."/>
    <property name="java.vm.info" value="mixed mode"/>
    <property name="java.vendor" value="Oracle Corporation"/>
    <property name="java.vm.version" value="25.411-b09"/>
    <property name="java.specification.maintenance.version" value="5"/>
    <property name="java.ext.dirs" value="C:\Program Files\Java\jdk-1.8\jre\lib\ext;C:\windows\Sun\Java\lib\ext"/>
    <property name="sun.io.unicode.encoding" value="UnicodeLittle"/>
    <property name="java.class.version" value="52.0"/>
  </properties>
  <testcase name="testReadSnapshotDataFiles" classname="com.github.raftimpl.raft.storage.SnapshotTest" time="0.0">
    <error message=".\data\snapshot\data: 客户端没有所需的特权。&#10;" type="java.nio.file.FileSystemException"><![CDATA[java.nio.file.FileSystemException: 
.\data\snapshot\data: 客户端没有所需的特权。

	at sun.nio.fs.WindowsException.translateToIOException(WindowsException.java:86)
	at sun.nio.fs.WindowsException.rethrowAsIOException(WindowsException.java:97)
	at sun.nio.fs.WindowsException.rethrowAsIOException(WindowsException.java:102)
	at sun.nio.fs.WindowsFileSystemProvider.createSymbolicLink(WindowsFileSystemProvider.java:589)
	at java.nio.file.Files.createSymbolicLink(Files.java:1043)
	at com.github.raftimpl.raft.storage.SnapshotTest.testReadSnapshotDataFiles(SnapshotTest.java:33)
	at sun.reflect.NativeMethodAccessorImpl.invoke0(Native Method)
	at sun.reflect.NativeMethodAccessorImpl.invoke(NativeMethodAccessorImpl.java:62)
	at sun.reflect.DelegatingMethodAccessorImpl.invoke(DelegatingMethodAccessorImpl.java:43)
	at java.lang.reflect.Method.invoke(Method.java:498)
	at org.junit.runners.model.FrameworkMethod$1.runReflectiveCall(FrameworkMethod.java:50)
	at org.junit.internal.runners.model.ReflectiveCallable.run(ReflectiveCallable.java:12)
	at org.junit.runners.model.FrameworkMethod.invokeExplosively(FrameworkMethod.java:47)
	at org.junit.internal.runners.statements.InvokeMethod.evaluate(InvokeMethod.java:17)
	at org.junit.runners.ParentRunner.runLeaf(ParentRunner.java:325)
	at org.junit.runners.BlockJUnit4ClassRunner.runChild(BlockJUnit4ClassRunner.java:78)
	at org.junit.runners.BlockJUnit4ClassRunner.runChild(BlockJUnit4ClassRunner.java:57)
	at org.junit.runners.ParentRunner$3.run(ParentRunner.java:290)
	at org.junit.runners.ParentRunner$1.schedule(ParentRunner.java:71)
	at org.junit.runners.ParentRunner.runChildren(ParentRunner.java:288)
	at org.junit.runners.ParentRunner.access$000(ParentRunner.java:58)
	at org.junit.runners.ParentRunner$2.evaluate(ParentRunner.java:268)
	at org.junit.runners.ParentRunner.run(ParentRunner.java:363)
	at org.apache.maven.surefire.junit4.JUnit4Provider.execute(JUnit4Provider.java:316)
	at org.apache.maven.surefire.junit4.JUnit4Provider.executeWithRerun(JUnit4Provider.java:240)
	at org.apache.maven.surefire.junit4.JUnit4Provider.executeTestSet(JUnit4Provider.java:214)
	at org.apache.maven.surefire.junit4.JUnit4Provider.invoke(JUnit4Provider.java:155)
	at org.apache.maven.surefire.booter.ForkedBooter.runSuitesInProcess(ForkedBooter.java:385)
	at org.apache.maven.surefire.booter.ForkedBooter.execute(ForkedBooter.java:162)
	at org.apache.maven.surefire.booter.ForkedBooter.run(ForkedBooter.java:507)
	at org.apache.maven.surefire.booter.ForkedBooter.main(ForkedBooter.java:495)
]]></error>
  </testcase>
</testsuite>